MATLAB is selecting SOFTWARE OPENGL rendering.

                            < M A T L A B (R) >
                  Copyright 1984-2018 The MathWorks, Inc.
                   R2018a (9.4.0.813654) 64-bit (glnxa64)
                             February 23, 2018

 
To get started, type one of these: helpwin, helpdesk, or demo.
For product information, visit www.mathworks.com.
 
>> >> 
flag =

     1

>> >> >> >> 
tol =

     1.000000000000000e-08

>> >> >> >> >> >> >> >> >> >> >> >> >> >> >> 
>> start RS SVD vs CHEB ID comparison:>> 
>> da = -0.30,db = -0.30
>> >> size  RS_rank    CHEB_rank  RSapp_time     CHEBapp_time   error_RS       error_CHEB     dir_time       RSfac_time     CHEBfac_time   
>> >> >> >> >> >> >> >> >> >> >> >> >> >> >> >> >> 
  8     11        14        4.053800E-03   3.764000E-04   1.402341E-08   3.905177E-09   5.254944E+00   3.268801E-01   3.883740E-02

  9     14        15        3.487000E-04   3.128000E-04   1.332395E-09   5.358241E-09   6.839808E+00   4.530141E-01   3.484570E-02

  10    15        16        6.659000E-04   6.387000E-04   1.885283E-09   4.804063E-09   3.115151E+01   9.211043E-01   5.368260E-02

  11    16        17        1.334500E-03   1.340500E-03   1.947277E-09   1.010282E-08   1.567042E+02   2.000573E+00   6.772850E-02

  12    16        17        2.766300E-03   2.724500E-03   8.536233E-10   2.643079E-09   8.622251E+02   4.551086E+00   1.192043E-01

  13    16        18        6.009700E-03   6.065800E-03   1.911605E-09   4.894824E-09   5.208504E+03   1.061335E+01   2.335147E-01

  14    18        19        1.566480E-02   1.664840E-02   8.057966E-10   7.245345E-09   3.426292E+04   2.274717E+01   5.218980E-01

  15    18        21        2.743750E-02   3.440680E-02   3.577575E-09   3.233694E-09   2.381231E+05   4.945746E+01   1.018936E+00

  16    18        22        5.319370E-02   6.365280E-02   8.738873E-09   1.823370E-09   1.717882E+06   9.893609E+01   1.881483E+00
>> >> >> [Warning: MATLAB has disabled some advanced graphics rendering features by
switching to software OpenGL. For more information, click <a
href="matlab:opengl('problems')">here</a>.] 
>> >> >> >> >> >> >> >> >> >> >> >> >> >> >> >> >> >> >> >> >> >> >> >> >> >> >> >> >> >> >> >> >> >> >> >> >> >> >> >> >> >> >> >> >> >> >> >> >> >> >> >> >> >> >> >> >> >> >> >> >> >> >> >> >> >> >> >> >> >> >> >> >> >> >> >> >> >> MATLAB: management.cpp:671: find: Assertion `' failed.
MATLAB: management.cpp:671: find: Assertion `' failed.
