MATLAB is selecting SOFTWARE OPENGL rendering.

                            < M A T L A B (R) >
                  Copyright 1984-2018 The MathWorks, Inc.
                   R2018a (9.4.0.813654) 64-bit (glnxa64)
                             February 23, 2018

 
To get started, type one of these: helpwin, helpdesk, or demo.
For product information, visit www.mathworks.com.
 
>> >> 
flag =

     1

>> >> >> >> 
tol =

     1.000000000000000e-08

>> >> >> >> >> >> >> >> >> >> >> >> >> >> >> 
>> start RS SVD vs CHEB ID comparison:>> 
>> da = 0.30,db = 0.30
>> >> size  RS_rank    CHEB_rank  RSapp_time     CHEBapp_time   error_RS       error_CHEB     dir_time       RSfac_time     CHEBfac_time   
>> >> >> >> >> >> >> >> >> >> >> >> >> >> >> >> >> 
  8     12        14        3.060500E-03   3.541000E-04   1.158462E-08   9.846282E-10   4.939424E+00   3.059882E-01   3.575510E-02

  9     14        15        3.492000E-04   3.187000E-04   3.051568E-09   6.524016E-09   6.799872E+00   4.463427E-01   3.493420E-02

  10    15        16        6.591000E-04   6.100000E-04   1.442608E-09   4.361627E-09   3.136819E+01   9.092035E-01   5.055570E-02

  11    16        17        1.306400E-03   1.313300E-03   3.540580E-09   7.853435E-09   1.565428E+02   2.014338E+00   6.718120E-02

  12    16        17        2.678800E-03   2.772200E-03   6.736341E-09   3.454697E-09   8.616516E+02   4.718337E+00   1.271926E-01

  13    17        18        6.439100E-03   6.842700E-03   5.403327E-09   7.462393E-09   5.225977E+03   1.036231E+01   2.623999E-01

  14    18        19        1.531960E-02   1.579460E-02   9.167332E-09   6.954594E-09   3.426101E+04   2.284538E+01   5.203026E-01

  15    19        21        3.493360E-02   3.594640E-02   3.149101E-09   4.715604E-09   2.386103E+05   5.071675E+01   1.079016E+00

  16    20        22        6.439300E-02   6.863740E-02   3.652125E-09   2.532976E-09   1.719255E+06   1.083838E+02   2.088047E+00
>> >> >> [Warning: MATLAB has disabled some advanced graphics rendering features by
switching to software OpenGL. For more information, click <a
href="matlab:opengl('problems')">here</a>.] 
>> >> >> >> >> >> >> >> >> >> >> >> >> >> >> >> >> >> >> >> >> >> >> >> >> >> >> >> >> >> >> >> >> >> >> >> >> >> >> >> >> >> >> >> >> >> >> >> >> >> >> >> >> >> >> >> >> >> >> >> >> >> >> >> >> >> >> >> >> >> >> >> >> >> >> >> >> >> MATLAB: management.cpp:671: find: Assertion `' failed.
MATLAB: management.cpp:671: find: Assertion `' failed.
