MATLAB is selecting SOFTWARE OPENGL rendering.

                            < M A T L A B (R) >
                  Copyright 1984-2018 The MathWorks, Inc.
                   R2018a (9.4.0.813654) 64-bit (glnxa64)
                             February 23, 2018

 
To get started, type one of these: helpwin, helpdesk, or demo.
For product information, visit www.mathworks.com.
 
>> >> 
flag =

     1

>> >> >> >> 
tol =

     1.000000000000000e-08

>> >> >> >> >> >> >> >> >> >> >> >> >> >> >> 
>> start RS SVD vs CHEB ID comparison:>> 
>> da = -0.80,db = -0.80
>> >> size  RS_rank    CHEB_rank  RSapp_time     CHEBapp_time   error_RS       error_CHEB     dir_time       RSfac_time     CHEBfac_time   
>> >> >> >> >> >> >> >> >> >> >> >> >> >> >> >> >> 
  8     12        16        3.461100E-03   3.862000E-04   9.689941E-10   5.369273E-02   4.380576E+00   2.923520E-01   3.755340E-02

  9     14        18        3.611000E-04   3.685000E-04   2.478976E-09   6.910754E-02   6.961323E+00   4.400852E-01   3.453720E-02

  10    15        19        6.193000E-04   7.655000E-04   3.496862E-09   5.110778E-02   3.065743E+01   8.975173E-01   5.082590E-02

  11    16        20        1.295400E-03   1.504800E-03   5.945599E-09   6.701986E-02   1.519772E+02   1.906648E+00   6.789080E-02

  12    15        19        2.481700E-03   3.069300E-03   3.102214E-08   7.860417E-02   8.439412E+02   4.299744E+00   1.169143E-01

  13    16        20        5.420600E-03   6.600200E-03   4.639187E-09   2.223643E-02   5.087843E+03   1.008145E+01   2.392619E-01

  14    17        21        1.355220E-02   1.485190E-02   7.257893E-09   3.022005E-02   3.424046E+04   2.273430E+01   4.880796E-01

  15    18        21        3.059900E-02   3.514160E-02   1.355913E-08   1.148386E-02   2.383922E+05   5.007056E+01   1.063556E+00

  16    18        22        7.418200E-02   8.154890E-02   3.196039E-08   9.997696E-03   1.714565E+06   1.111720E+02   2.287647E+00
>> >> >> [Warning: MATLAB has disabled some advanced graphics rendering features by
switching to software OpenGL. For more information, click <a
href="matlab:opengl('problems')">here</a>.] 
>> >> >> >> >> >> >> >> >> >> >> >> >> >> >> >> >> >> >> >> >> >> >> >> >> >> >> >> >> >> >> >> >> >> >> >> >> >> >> >> >> >> >> >> >> >> >> >> >> >> >> >> >> >> >> >> >> >> >> >> >> >> >> >> >> >> >> >> >> >> >> >> >> >> >> >> >> >> MATLAB: management.cpp:671: find: Assertion `' failed.
MATLAB: management.cpp:671: find: Assertion `' failed.
