MATLAB is selecting SOFTWARE OPENGL rendering.

                            < M A T L A B (R) >
                  Copyright 1984-2018 The MathWorks, Inc.
                   R2018a (9.4.0.813654) 64-bit (glnxa64)
                             February 23, 2018

 
To get started, type one of these: helpwin, helpdesk, or demo.
For product information, visit www.mathworks.com.
 
>> >> 
flag =

    -1

>> >> >> >> 
tol =

     1.000000000000000e-08

>> >> >> >> >> >> >> >> >> >> >> >> >> >> >> 
>> start RS SVD vs CHEB ID comparison:>> 
>> da = 0.25,db = 0.25
>> >> size  RS_rank    sCH_rank   sdCH_rank  RSapp_time     sChapp_time    sdChapp_time   error_RS       error_sCh      error_sdCh     dir_time       RSfac_time     sChfac_time    sdChfac_time   
>> >> >> >> >> >> >> >> >> >> >> >> >> >> >> >> >> 
  7     7         9         9         6.905500E-04   3.614000E-04   3.690000E-04   3.665777E-09   4.753693E-09   2.385010E-09   1.711762E+00   7.132165E-02   2.622730E-02   1.602905E-02

  8     9         10        10        5.851500E-04   6.518000E-04   6.521500E-04   1.982249E-09   4.260129E-09   3.310997E-09   1.399136E+00   1.325219E-01   5.974365E-02   2.325780E-02

  9     11        12        11        1.297400E-03   1.387700E-03   1.263950E-03   2.732323E-09   1.359038E-09   5.491103E-09   5.900971E+00   2.823455E-01   1.442921E-01   2.662735E-02

  10    11        13        12        2.343550E-03   2.782800E-03   2.545700E-03   2.354549E-09   1.491000E-09   5.383206E-09   2.676664E+01   6.053486E-01   3.305697E-01   4.253060E-02

  11    12        14        13        4.848900E-03   5.681250E-03   5.238700E-03   1.736593E-09   1.111286E-09   5.054509E-09   1.368721E+02   1.295500E+00   7.356205E-01   5.065390E-02

  12    12        14        13        1.064860E-02   1.247900E-02   1.160985E-02   2.943510E-09   8.659525E-10   3.495239E-09   7.341162E+02   2.739121E+00   1.710444E+00   9.019945E-02

  13    11        15        14        1.978905E-02   2.733490E-02   2.338730E-02   4.256693E-09   2.158541E-09   1.986021E-09   4.717469E+03   5.966267E+00   4.189880E+00   1.831425E-01

  14    12        16        15        4.354605E-02   5.801760E-02   5.457915E-02   3.938502E-08   1.419414E-09   4.675634E-09   2.922792E+04   1.273261E+01   9.810108E+00   3.740677E-01

  15    14        17        16        1.017685E-01   1.137450E-01   1.079366E-01   2.769110E-09   1.078122E-09   3.527792E-09   2.134511E+05   2.773579E+01   2.192840E+01   7.985277E-01

  16    12        18        17        1.847957E-01   2.767170E-01   2.590308E-01   1.569005E-08   1.989478E-09   3.250072E-09   1.459901E+06   5.886560E+01   4.852429E+01   1.745824E+00
>> >> >> [Warning: MATLAB has disabled some advanced graphics rendering features by
switching to software OpenGL. For more information, click <a
href="matlab:opengl('problems')">here</a>.] 
>> >> >> >> >> >> >> >> >> >> >> >> >> >> >> >> >> >> >> >> >> >> >> >> >> >> >> >> >> >> >> >> >> >> >> >> >> >> >> >> >> >> >> >> >> >> >> >> MATLAB: management.cpp:671: find: Assertion `' failed.
MATLAB: management.cpp:671: find: Assertion `' failed.
