MATLAB is selecting SOFTWARE OPENGL rendering.

                            < M A T L A B (R) >
                  Copyright 1984-2018 The MathWorks, Inc.
                   R2018a (9.4.0.813654) 64-bit (glnxa64)
                             February 23, 2018

 
To get started, type one of these: helpwin, helpdesk, or demo.
For product information, visit www.mathworks.com.
 
>> >> 
flag =

     1

>> >> >> >> 
tol =

     1.000000000000000e-08

>> >> >> >> >> >> >> >> >> >> >> >> >> >> >> 
>> start RS SVD vs CHEB ID comparison:>> 
>> da = -0.95,db = -0.95
>> >> size  RS_rank    sCH_rank   sdCH_rank  RSapp_time     sChapp_time    sdChapp_time   error_RS       error_sCh      error_sdCh     dir_time       RSfac_time     sChfac_time    sdChfac_time   
>> >> >> >> >> >> >> >> >> >> >> >> >> >> >> >> >> 
  8     12        11        10        4.443125E-03   3.449375E-03   1.432000E-03   2.675402E-09   6.726945E-10   6.952220E-02   5.083808E+00   3.195661E-01   2.332115E-01   1.890820E-01

  9     14        12        11        3.568750E-04   2.296750E-03   2.099750E-03   4.311173E-09   1.119102E-08   6.809263E-02   6.867684E+00   4.467224E-01   2.226729E-01   9.377887E-02

  10    15        13        12        6.620000E-04   4.595000E-03   4.264250E-03   3.441015E-09   2.346874E-09   8.639351E-02   3.096607E+01   9.060101E-01   5.083083E-01   1.887265E-01

  11    16        14        13        1.292875E-03   9.713000E-03   8.978250E-03   6.124261E-09   5.964370E-09   3.618580E-02   1.561747E+02   1.983028E+00   1.173681E+00   4.274061E-01

  12    15        14        13        2.669000E-03   2.104138E-02   1.983175E-02   1.009177E-08   3.746599E-09   1.562576E-02   8.660617E+02   4.356413E+00   3.325236E+00   1.365115E+00

  13    15        15        14        5.796375E-03   4.411263E-02   4.204350E-02   1.390275E-08   2.008778E-09   2.403020E-02   5.238909E+03   1.066993E+01   8.036492E+00   2.611202E+00

  14    17        16        15        1.462212E-02   1.051961E-01   9.610863E-02   1.336553E-08   3.640988E-09   1.211735E-02   3.436551E+04   2.343876E+01   1.889946E+01   6.700687E+00

  15    17        17        15        3.993500E-02   2.281550E-01   1.947764E-01   4.256490E-08   5.074596E-09   1.319131E-02   2.389119E+05   5.328479E+01   3.903970E+01   1.502998E+01

  16    19        17        16        6.345875E-02   4.657283E-01   3.890340E-01   2.628912E-08   1.197563E-08   5.563445E-03   1.704441E+06   1.005648E+02   8.700871E+01   3.358847E+01

  17    18        19        17        1.646071E-01   8.376594E-01   7.444759E-01   3.759456E-08   4.704961E-09   6.612162E-03   1.220770E+07   2.205027E+02   1.692559E+02   6.998939E+01
>> >> >> [Warning: MATLAB has disabled some advanced graphics rendering features by
switching to software OpenGL. For more information, click <a
href="matlab:opengl('problems')">here</a>.] 
>> >> >> >> >> >> >> >> >> >> >> >> >> >> >> >> >> >> >> >> >> >> >> >> >> >> >> >> >> >> >> >> >> >> >> >> >> >> >> >> >> >> >> >> >> >> >> >> >> >> >> >> >> >> >> >> >> >> >> >> >> >> >> >> >> >> >> >> >> >> >> >> >> >> >> >> MATLAB: management.cpp:671: find: Assertion `' failed.
MATLAB: management.cpp:671: find: Assertion `' failed.
