MATLAB is selecting SOFTWARE OPENGL rendering.

                            < M A T L A B (R) >
                  Copyright 1984-2018 The MathWorks, Inc.
                   R2018a (9.4.0.813654) 64-bit (glnxa64)
                             February 23, 2018

 
To get started, type one of these: helpwin, helpdesk, or demo.
For product information, visit www.mathworks.com.
 
>> >> 
flag =

     1

>> >> >> >> 
tol =

     1.000000000000000e-08

>> >> >> >> >> >> >> >> >> >> >> >> >> >> >> 
>> start RS SVD vs CHEB ID comparison:>> 
>> da = 0.50,db = 0.50
>> >> size  RS_rank    sCH_rank   sdCH_rank  RSapp_time     sChapp_time    sdChapp_time   error_RS       error_sCh      error_sdCh     dir_time       RSfac_time     sChfac_time    sdChfac_time   
>> >> >> >> >> >> >> >> >> >> >> >> >> >> >> >> >> 
  8     9         1         1         3.828625E-03   1.793375E-03   2.616250E-04   7.818604E-10   8.081139E-10   8.080583E-10   4.862336E+00   3.096846E-01   2.235685E-01   1.858704E-01

  9     9         1         1         2.352500E-04   2.865000E-04   2.792500E-04   6.760791E-09   3.765843E-09   3.642780E-09   6.735531E+00   4.389447E-01   2.124335E-01   8.687837E-02

  10    9         1         1         4.883750E-04   5.342500E-04   5.147500E-04   2.243053E-09   1.941283E-09   2.198650E-09   3.068815E+01   9.023500E-01   4.838480E-01   1.750445E-01

  11    9         1         1         8.083750E-04   9.973750E-04   9.638750E-04   2.490188E-09   1.508361E-09   3.379434E-09   1.552565E+02   1.886024E+00   1.117463E+00   3.567806E-01

  12    9         1         1         1.618750E-03   2.025250E-03   2.014625E-03   2.318010E-09   2.203993E-09   2.015727E-09   8.500541E+02   4.036729E+00   2.532793E+00   7.741818E-01

  13    9         1         1         3.263875E-03   3.980375E-03   3.969125E-03   1.201528E-09   1.200695E-09   2.180943E-09   5.173908E+03   9.264591E+00   6.678106E+00   2.362397E+00

  14    9         1         1         6.779500E-03   8.146250E-03   8.669000E-03   2.369725E-09   2.036574E-09   2.324086E-09   3.400108E+04   2.155894E+01   1.640980E+01   6.492551E+00

  15    9         1         1         1.567937E-02   1.889937E-02   1.809163E-02   2.177299E-09   9.669589E-10   2.103091E-09   2.363552E+05   4.768441E+01   4.088241E+01   1.778980E+01

  16    9         1         1         3.223012E-02   3.252500E-02   3.502800E-02   2.336257E-09   2.070533E-09   2.218512E-09   1.705691E+06   9.973563E+01   9.247128E+01   4.436638E+01

  17    9         1         1         7.298737E-02   6.870613E-02   8.123838E-02   2.565345E-09   2.398605E-09   2.324421E-09   1.258283E+07   2.234437E+02   2.105086E+02   1.135641E+02
>> >> >> [Warning: MATLAB has disabled some advanced graphics rendering features by
switching to software OpenGL. For more information, click <a
href="matlab:opengl('problems')">here</a>.] 
>> >> >> >> >> >> >> >> >> >> >> >> >> >> >> >> >> >> >> >> >> >> >> >> >> >> >> >> >> >> >> >> >> >> >> >> >> >> >> >> >> >> >> >> >> >> >> >> >> >> >> >> >> >> >> >> >> >> >> >> >> >> >> >> >> >> >> >> >> >> >> >> >> >> >> >> MATLAB: management.cpp:671: find: Assertion `' failed.
MATLAB: management.cpp:671: find: Assertion `' failed.
