MATLAB is selecting SOFTWARE OPENGL rendering.

                            < M A T L A B (R) >
                  Copyright 1984-2018 The MathWorks, Inc.
                   R2018a (9.4.0.813654) 64-bit (glnxa64)
                             February 23, 2018

 
To get started, type one of these: helpwin, helpdesk, or demo.
For product information, visit www.mathworks.com.
 
>> >> 
flag =

     1

>> >> >> >> 
tol =

     1.000000000000000e-08

>> >> >> >> >> >> >> >> >> >> >> >> >> >> >> 
>> start RS SVD vs CHEB ID comparison:>> 
>> da = 0.95,db = 0.95
>> >> size  RS_rank    sCH_rank   sdCH_rank  RSapp_time     sChapp_time    sdChapp_time   error_RS       error_sCh      error_sdCh     dir_time       RSfac_time     sChfac_time    sdChfac_time   
>> >> >> >> >> >> >> >> >> >> >> >> >> >> >> >> >> 
  8     12        10        10        3.808750E-03   3.281125E-03   1.966375E-03   5.154513E-09   5.220552E-09   1.465773E-09   4.809216E+00   3.118057E-01   2.232753E-01   1.766783E-01

  9     14        11        11        3.576250E-04   2.416875E-03   2.421625E-03   1.227331E-08   1.470937E-08   1.031120E-08   6.851413E+00   4.509975E-01   2.262078E-01   9.627637E-02

  10    15        13        12        6.778750E-04   5.289375E-03   4.879875E-03   1.172103E-08   4.280005E-09   1.422189E-08   3.143864E+01   9.267340E-01   5.143449E-01   1.959884E-01

  11    16        14        13        1.476875E-03   1.114112E-02   1.031088E-02   9.698230E-09   6.252346E-09   8.222443E-09   1.563367E+02   2.022688E+00   1.376171E+00   4.818972E-01

  12    16        13        13        2.763875E-03   2.116125E-02   2.129025E-02   3.930457E-09   2.493548E-09   4.054064E-09   8.718432E+02   4.596720E+00   2.931559E+00   1.081716E+00

  13    16        14        14        6.139250E-03   4.695425E-02   4.687875E-02   2.488162E-08   2.680276E-09   2.847563E-09   5.228099E+03   1.072967E+01   7.977277E+00   2.859093E+00

  14    17        15        14        1.388538E-02   1.097450E-01   1.002143E-01   8.400402E-09   3.403181E-09   1.465097E-08   3.420953E+04   2.363087E+01   1.889157E+01   7.544297E+00

  15    18        17        15        3.125312E-02   2.587166E-01   2.272228E-01   1.332579E-08   2.891993E-09   8.772533E-09   2.390395E+05   5.124265E+01   4.253578E+01   1.845411E+01

  16    20        17        16        6.785100E-02   5.603390E-01   4.874319E-01   1.443436E-08   1.641231E-08   1.581640E-08   1.706892E+06   1.052130E+02   9.566804E+01   4.355262E+01

  17    19        19        17        1.908046E-01   9.435669E-01   8.498389E-01   2.956299E-08   2.454664E-09   1.421269E-08   1.261184E+07   2.431098E+02   1.891220E+02   8.981971E+01
>> >> >> [Warning: MATLAB has disabled some advanced graphics rendering features by
switching to software OpenGL. For more information, click <a
href="matlab:opengl('problems')">here</a>.] 
>> >> >> >> >> >> >> >> >> >> >> >> >> >> >> >> >> >> >> >> >> >> >> >> >> >> >> >> >> >> >> >> >> >> >> >> >> >> >> >> >> >> >> >> >> >> >> >> >> >> >> >> >> >> >> >> >> >> >> >> >> >> >> >> >> >> >> >> >> >> >> >> >> >> >> >> MATLAB: management.cpp:671: find: Assertion `' failed.
MATLAB: management.cpp:671: find: Assertion `' failed.
