MATLAB is selecting SOFTWARE OPENGL rendering.

                            < M A T L A B (R) >
                  Copyright 1984-2018 The MathWorks, Inc.
                   R2018a (9.4.0.813654) 64-bit (glnxa64)
                             February 23, 2018

 
To get started, type one of these: helpwin, helpdesk, or demo.
For product information, visit www.mathworks.com.
 
>> >> 
flag =

     1

>> >> >> >> 
tol =

     1.000000000000000e-08

>> >> >> >> >> >> >> >> >> >> >> >> >> >> >> 
>> start RS SVD vs CHEB ID comparison 2D:>> 
>> da = 0.25,db = 0.25
>> >> size  RS_rank    sdCH_rank  RSapp_time     sdChapp_time   error_RS       error_sdCh     dir_time       RSfac_time     sdChfac_time   
>> >> >> >> >> >> >> >> >> >> >> >> >> >> >> >> >> 
  32    64        100       1.187080E-02   9.142200E-03   1.119405E-08   1.554110E-08   2.725581E+01   2.826420E-02   1.820690E-02

  45    81        121       1.554050E-02   2.281800E-02   7.012610E-09   3.403683E-09   1.917307E+01   2.156230E-02   1.731180E-02

  64    100       144       2.931770E-02   3.985930E-02   2.972344E-09   6.790773E-09   5.179255E+01   3.503090E-02   2.374080E-02

  91    121       144       1.011831E-01   1.174328E-01   1.222770E-09   4.820049E-09   2.179394E+02   7.725700E-02   5.010340E-02

  128   121       144       1.572671E-01   2.142757E-01   1.965996E-09   1.808767E-08   5.217204E+02   1.134652E-01   7.853290E-02

  181   144       169       8.082657E-01   9.414926E-01   2.133831E-09   1.141316E-08   1.763214E+03   2.703715E-01   1.737200E-01

  256   144       196       8.728220E-01   1.159340E+00   8.625627E-09   6.236169E-09   4.833149E+03   5.523323E-01   4.387863E-01

  362   169       196       3.774000E+00   4.350124E+00   1.068416E-08   1.843748E-08   1.610844E+04   1.077352E+00   8.749505E-01

  512   196       225       4.706070E+00   5.331699E+00   6.202865E-09   9.542562E-09   4.347183E+04   1.999639E+00   1.853331E+00

  724   225       256       2.062416E+01   2.339287E+01   4.302879E-09   6.728324E-09   1.420930E+05   4.315514E+00   4.243445E+00

  1024  225       256       2.219970E+01   2.509629E+01   3.653989E-09   4.039115E-09   3.871160E+05   8.042607E+00   8.132973E+00

  1448  256       289       9.880370E+01   1.111437E+02   6.639239E-09   4.674944E-09   1.287570E+06   1.731527E+01   1.856546E+01

  2048  289       289       1.387939E+02   1.313516E+02   3.938051E-09   2.336968E-08   3.570323E+06   3.592244E+01   3.585021E+01

  2896  289       324       4.936735E+02   5.571766E+02   1.953540E-09   4.001903E-09   1.203007E+07   7.574546E+01   8.212076E+01

  4096  256       289       7.203887E+02   8.016313E+02   3.647522E-09   5.313169E-09   3.342635E+07   1.732255E+02   1.861891E+02
{Out of memory. Type HELP MEMORY for your options.

Error in kron (line 34)
   K = reshape(A.*B,[ma*mb na*nb]);

Error in JPT2D (line 55)
vals = kron(vals1,vals2);
} 
>> >> >> >> [Warning: MATLAB has disabled some advanced graphics rendering features by
switching to software OpenGL. For more information, click <a
href="matlab:opengl('problems')">here</a>.] 
>> >> >> >> >> >> >> >> >> >> >> >> >> >> >> >> >> >> >> >> >> >> >> >> >> >> >> >> >> >> >> >> >> >> >> >> >> >> >> >> >> >> >> >> >> >> >> >> >> >> >> >> >> >> >> >> >> >> >> >> >> >> >> >> >> >> >> >> >> >> >> >> >> >> >> >> >> >> MATLAB: management.cpp:671: find: Assertion `' failed.
MATLAB: management.cpp:671: find: Assertion `' failed.
