MATLAB is selecting SOFTWARE OPENGL rendering.

                            < M A T L A B (R) >
                  Copyright 1984-2018 The MathWorks, Inc.
                   R2018a (9.4.0.813654) 64-bit (glnxa64)
                             February 23, 2018

 
To get started, type one of these: helpwin, helpdesk, or demo.
For product information, visit www.mathworks.com.
 
>> >> 
flag =

     1

>> >> >> >> 
tol =

     1.000000000000000e-08

>> >> >> >> >> >> >> >> >> >> >> >> >> >> >> 
>> start RS SVD vs CHEB ID comparison:>> 
>> da = -0.90,db = -0.90
>> >> size  RS_rank    sCH_rank   sdCH_rank  RSapp_time     sChapp_time    sdChapp_time   error_RS       error_sCh      error_sdCh     dir_time       RSfac_time     sChfac_time    sdChfac_time   
>> >> >> >> >> >> >> >> >> >> >> >> >> >> >> >> >> 
  8     12        11        10        4.060000E-03   3.068500E-03   1.347500E-03   1.793056E-09   5.994149E-10   5.878393E-02   5.111776E+00   3.183430E-01   2.235082E-01   1.747772E-01

  9     14        12        11        3.437500E-04   2.287875E-03   2.108375E-03   3.460376E-09   5.655985E-09   6.752453E-02   6.838898E+00   4.437747E-01   2.224670E-01   9.300862E-02

  10    15        13        12        6.570000E-04   4.625750E-03   4.294375E-03   2.271359E-09   2.602026E-09   7.351053E-02   3.144038E+01   9.133248E-01   5.138065E-01   1.861574E-01

  11    16        14        13        1.338250E-03   9.749875E-03   9.112875E-03   5.141881E-09   1.811696E-09   3.482127E-02   1.563523E+02   1.978611E+00   1.150649E+00   3.726007E-01

  12    16        13        13        2.701750E-03   1.916937E-02   1.870925E-02   2.692720E-09   2.260818E-09   1.539998E-02   8.665822E+02   4.639145E+00   2.979047E+00   1.001740E+00

  13    15        15        14        5.664375E-03   4.380638E-02   4.125650E-02   9.914541E-09   1.541439E-09   2.207568E-02   5.218936E+03   1.042196E+01   7.174191E+00   2.403244E+00

  14    17        16        15        1.376187E-02   9.821587E-02   9.416162E-02   1.451987E-08   2.243883E-09   1.212454E-02   3.408008E+04   2.260210E+01   1.701821E+01   6.346665E+00

  15    17        17        16        2.983838E-02   2.200506E-01   2.034185E-01   4.805604E-08   5.136852E-09   1.260830E-02   2.377784E+05   4.957166E+01   3.774026E+01   1.450741E+01

  16    19        17        16        8.363687E-02   5.447324E-01   4.339996E-01   8.134512E-09   1.002071E-08   5.648857E-03   1.708751E+06   1.027380E+02   9.444323E+01   3.569339E+01

  17    18        19        17        1.431621E-01   1.094675E+00   1.054443E+00   2.959358E-08   2.560157E-09   6.224742E-03   1.255458E+07   2.119890E+02   1.848524E+02   7.695545E+01
>> >> >> [Warning: MATLAB has disabled some advanced graphics rendering features by
switching to software OpenGL. For more information, click <a
href="matlab:opengl('problems')">here</a>.] 
>> >> >> >> >> >> >> >> >> >> >> >> >> >> >> >> >> >> >> >> >> >> >> >> >> >> >> >> >> >> >> >> >> >> >> >> >> >> >> >> >> >> >> >> >> >> >> >> >> >> >> >> >> >> >> >> >> >> >> >> >> >> >> >> >> >> >> >> >> >> >> >> >> >> >> >> MATLAB: management.cpp:671: find: Assertion `' failed.
MATLAB: management.cpp:671: find: Assertion `' failed.
