MATLAB is selecting SOFTWARE OPENGL rendering.

                            < M A T L A B (R) >
                  Copyright 1984-2018 The MathWorks, Inc.
                   R2018a (9.4.0.813654) 64-bit (glnxa64)
                             February 23, 2018

 
To get started, type one of these: helpwin, helpdesk, or demo.
For product information, visit www.mathworks.com.
 
>> >> 
flag =

     1

>> >> >> >> 
tol =

     1.000000000000000e-08

>> >> >> >> >> >> >> >> >> >> >> >> >> >> >> 
>> start RS SVD vs CHEB ID comparison:>> 
>> da = -0.70,db = -0.70
>> >> size  RS_rank    CHEB_rank  RSapp_time     CHEBapp_time   error_RS       error_CHEB     dir_time       RSfac_time     CHEBfac_time   
>> >> >> >> >> >> >> >> >> >> >> >> >> >> >> >> >> 
  8     12        14        3.509700E-03   3.658000E-04   1.052476E-09   1.383388E-09   4.456736E+00   3.094383E-01   3.730650E-02

  9     14        15        3.646000E-04   3.119000E-04   2.236672E-09   8.585469E-09   6.916096E+00   4.474442E-01   3.319940E-02

  10    15        16        6.509000E-04   6.361000E-04   1.280305E-09   7.295914E-09   3.123661E+01   9.210691E-01   4.968990E-02

  11    16        18        1.288500E-03   1.380600E-03   1.563422E-09   4.439456E-09   1.570231E+02   1.998738E+00   6.331590E-02

  12    15        16        2.542400E-03   2.620000E-03   1.135827E-09   1.295775E-08   8.642526E+02   4.365297E+00   1.177690E-01

  13    16        17        5.436500E-03   6.338300E-03   1.157669E-09   8.565840E-09   5.215175E+03   1.013904E+01   2.378060E-01

  14    17        19        1.410320E-02   1.657100E-02   4.108175E-09   1.933079E-09   3.428445E+04   2.212894E+01   4.999498E-01

  15    18        20        3.026120E-02   4.147830E-02   4.103170E-09   1.572741E-08   2.379737E+05   4.925353E+01   1.113002E+00

  16    18        21        7.003290E-02   7.787160E-02   1.536753E-08   1.127905E-08   1.717203E+06   1.088430E+02   2.265110E+00
>> >> >> [Warning: MATLAB has disabled some advanced graphics rendering features by
switching to software OpenGL. For more information, click <a
href="matlab:opengl('problems')">here</a>.] 
>> >> >> >> >> >> >> >> >> >> >> >> >> >> >> >> >> >> >> >> >> >> >> >> >> >> >> >> >> >> >> >> >> >> >> >> >> >> >> >> >> >> >> >> >> >> >> >> >> >> >> >> >> >> >> >> >> >> >> >> >> >> >> >> >> >> >> >> >> >> >> >> >> >> >> >> >> >> MATLAB: management.cpp:671: find: Assertion `' failed.
MATLAB: management.cpp:671: find: Assertion `' failed.
