MATLAB is selecting SOFTWARE OPENGL rendering.

                            < M A T L A B (R) >
                  Copyright 1984-2018 The MathWorks, Inc.
                   R2018a (9.4.0.813654) 64-bit (glnxa64)
                             February 23, 2018

 
To get started, type one of these: helpwin, helpdesk, or demo.
For product information, visit www.mathworks.com.
 
>> >> 
flag =

     1

>> >> >> >> 
tol =

     1.000000000000000e-08

>> >> >> >> >> >> >> >> >> >> >> >> >> >> >> 
>> start RS SVD vs CHEB ID comparison:>> 
>> da = 0.70,db = 0.70
>> >> size  RS_rank    CHEB_rank  RSapp_time     CHEBapp_time   error_RS       error_CHEB     dir_time       RSfac_time     CHEBfac_time   
>> >> >> >> >> >> >> >> >> >> >> >> >> >> >> >> >> 
  8     12        13        2.961500E-03   3.111000E-04   5.183194E-09   6.169962E-09   3.905280E+00   2.636447E-01   3.251270E-02

  9     15        15        3.360000E-04   2.692000E-04   1.268764E-09   9.184188E-09   6.056619E+00   3.999973E-01   2.978470E-02

  10    16        16        6.557000E-04   6.016000E-04   1.750397E-09   1.683969E-09   2.787441E+01   8.189822E-01   4.311030E-02

  11    17        18        1.219900E-03   1.228400E-03   1.781565E-09   1.830673E-09   1.371222E+02   1.739506E+00   5.494070E-02

  12    16        16        2.380600E-03   2.472200E-03   1.066932E-08   1.653722E-08   7.608163E+02   3.860326E+00   1.066915E-01

  13    18        18        5.533500E-03   5.997000E-03   1.799491E-09   2.466470E-09   4.602198E+03   9.040390E+00   2.221235E-01

  14    18        19        1.274050E-02   1.368530E-02   5.652877E-09   3.994294E-09   3.206268E+04   2.173812E+01   4.871214E-01

  15    18        20        3.101450E-02   3.207320E-02   1.026751E-08   1.404935E-08   2.376683E+05   4.788493E+01   1.031927E+00

  16    20        21        8.390490E-02   8.291070E-02   6.120701E-09   1.941148E-08   1.718782E+06   1.052773E+02   2.278896E+00
>> >> >> [Warning: MATLAB has disabled some advanced graphics rendering features by
switching to software OpenGL. For more information, click <a
href="matlab:opengl('problems')">here</a>.] 
>> >> >> >> >> >> >> >> >> >> >> >> >> >> >> >> >> >> >> >> >> >> >> >> >> >> >> >> >> >> >> >> >> >> >> >> >> >> >> >> >> >> >> >> >> >> >> >> >> >> >> >> >> >> >> >> >> >> >> >> >> >> >> >> >> >> >> >> >> >> >> >> >> >> >> >> >> >> MATLAB: management.cpp:671: find: Assertion `' failed.
MATLAB: management.cpp:671: find: Assertion `' failed.
