MATLAB is selecting SOFTWARE OPENGL rendering.

                            < M A T L A B (R) >
                  Copyright 1984-2018 The MathWorks, Inc.
                   R2018a (9.4.0.813654) 64-bit (glnxa64)
                             February 23, 2018

 
To get started, type one of these: helpwin, helpdesk, or demo.
For product information, visit www.mathworks.com.
 
>> >> >> >> >> >> 
tol =

     1.000000000000000e-08

>> >> >> >> >> >> >> >> >> >> >> >> >> >> >> 
>> start RS SVD vs CHEB ID comparison:>> 
>> da = 0.25,db = 0.25
>> >> size  RS_rank    sCH_rank   sdCH_rank  RSapp_time     sChapp_time    sdChapp_time   error_RS       error_sCh      error_sdCh     dir_time       RSfac_time     sChfac_time    sdChfac_time   
>> >> >> >> >> >> >> >> >> >> >> >> >> >> >> >> >> 
  7     9         11        9         7.769400E-03   7.932800E-03   5.424000E-04   3.434421E-10   1.555120E-09   3.807103E-07   1.886629E+00   2.152492E-01   1.586140E-01   6.052180E-02

  8     10        12        11        9.050000E-04   5.158000E-04   1.169800E-03   6.590408E-10   5.059833E-09   7.207289E-06   1.627264E+00   3.655956E-01   2.924366E-01   4.584020E-02

  9     10        14        12        1.524600E-03   3.928000E-04   2.892000E-03   4.849488E-09   2.212671E-09   3.764202E-06   9.017060E+00   6.484622E-01   5.348962E-01   6.005360E-02

  10    11        15        13        5.152000E-03   8.820000E-04   1.478340E-02   3.535846E-09   1.139235E-09   9.882731E-06   3.153705E+01   1.425209E+00   1.392246E+00   1.353792E-01

  11    12        16        14        7.982200E-03   1.057280E-02   2.723600E-02   1.980801E-09   1.430325E-09   3.406628E-06   1.681981E+02   2.498933E+00   2.445123E+00   3.892290E-01

  12    10        16        13        3.642520E-02   4.087600E-03   1.773500E-02   1.588918E-08   3.562970E-09   8.158453E-06   8.578338E+02   4.661204E+00   4.797387E+00   5.419976E-01

  13    10        16        13        3.078020E-02   3.943200E-03   5.206840E-02   3.525105E-08   1.439472E-09   5.773271E-06   5.563226E+03   9.595601E+00   9.224546E+00   1.735151E+00

  14    11        17        13        1.469482E-01   2.489760E-02   1.081910E-01   4.385383E-08   3.873422E-09   1.153080E-04   3.660413E+04   2.016643E+01   2.215502E+01   4.916124E+00

  15    13        17        13        1.118142E-01   1.137320E-02   1.621820E-01   1.782049E-09   4.632948E-09   NaN   2.450185E+05   4.609264E+01   4.868327E+01   1.723828E+01

  16    13        17        12        1.934476E-01   1.846460E-02   1.639448E-01   5.031899E-09   1.009386E-08   NaN   1.805765E+06   9.774090E+01   9.358374E+01   4.405588E+01

  17    13        17        11        3.805236E-01   4.467580E-02   3.242990E-01   1.859474E-09   4.330295E-08   NaN   1.024771E+07   2.620644E+02   2.611676E+02   1.617572E+02
>> >> >> [Warning: MATLAB has disabled some advanced graphics rendering features by
switching to software OpenGL. For more information, click <a
href="matlab:opengl('problems')">here</a>.] 
>> >> >> >> >> >> >> >> >> >> >> >> >> >> >> >> >> >> >> >> >> >> >> >> >> >> >> >> >> >> >> >> >> >> >> >> >> >> >> >> >> >> >> >> >> >> >> >> MATLAB: management.cpp:671: find: Assertion `' failed.
MATLAB: management.cpp:671: find: Assertion `' failed.
