MATLAB is selecting SOFTWARE OPENGL rendering.

                            < M A T L A B (R) >
                  Copyright 1984-2018 The MathWorks, Inc.
                   R2018a (9.4.0.813654) 64-bit (glnxa64)
                             February 23, 2018

 
To get started, type one of these: helpwin, helpdesk, or demo.
For product information, visit www.mathworks.com.
 
>> >> 
flag =

     1

>> >> >> >> 
tol =

     1.000000000000000e-08

>> >> >> >> >> >> >> >> >> >> >> >> >> >> >> 
>> start RS SVD vs CHEB ID comparison:>> 
>> da = 0.80,db = 0.80
>> >> size  RS_rank    CHEB_rank  RSapp_time     CHEBapp_time   error_RS       error_CHEB     dir_time       RSfac_time     CHEBfac_time   
>> >> >> >> >> >> >> >> >> >> >> >> >> >> >> >> >> 
  8     12        13        3.069800E-03   3.068000E-04   6.080485E-09   9.512640E-09   4.622368E+00   2.830994E-01   3.378100E-02

  9     15        15        3.640000E-04   3.118000E-04   1.597813E-09   1.998774E-08   6.435669E+00   4.278102E-01   3.373920E-02

  10    16        16        6.829000E-04   5.737000E-04   9.672310E-10   2.967923E-09   2.998129E+01   8.664898E-01   4.526690E-02

  11    17        17        1.268200E-03   1.230200E-03   1.923100E-09   1.014192E-08   1.467561E+02   1.834020E+00   6.657050E-02

  12    16        17        2.956800E-03   2.921800E-03   9.951194E-09   7.236240E-09   8.012131E+02   4.002096E+00   1.212212E-01

  13    18        18        6.614200E-03   5.781100E-03   1.094055E-09   2.797859E-09   4.924785E+03   9.765129E+00   2.322968E-01

  14    18        19        1.276850E-02   1.504260E-02   7.903866E-09   9.242426E-09   3.328041E+04   2.264950E+01   4.924020E-01

  15    19        20        3.231620E-02   3.191470E-02   7.261129E-09   5.312709E-09   2.378266E+05   4.869147E+01   1.064890E+00

  16    20        21        7.708750E-02   8.340230E-02   8.306818E-09   1.428985E-08   1.715164E+06   1.074632E+02   2.247052E+00
>> >> >> [Warning: MATLAB has disabled some advanced graphics rendering features by
switching to software OpenGL. For more information, click <a
href="matlab:opengl('problems')">here</a>.] 
>> >> >> >> >> >> >> >> >> >> >> >> >> >> >> >> >> >> >> >> >> >> >> >> >> >> >> >> >> >> >> >> >> >> >> >> >> >> >> >> >> >> >> >> >> >> >> >> >> >> >> >> >> >> >> >> >> >> >> >> >> >> >> >> >> >> >> >> >> >> >> >> >> >> >> >> >> >> MATLAB: management.cpp:671: find: Assertion `' failed.
MATLAB: management.cpp:671: find: Assertion `' failed.
