MATLAB is selecting SOFTWARE OPENGL rendering.

                            < M A T L A B (R) >
                  Copyright 1984-2018 The MathWorks, Inc.
                   R2018a (9.4.0.813654) 64-bit (glnxa64)
                             February 23, 2018

 
To get started, type one of these: helpwin, helpdesk, or demo.
For product information, visit www.mathworks.com.
 
>> >> 
flag =

     1

>> >> >> >> 
tol =

     1.000000000000000e-08

>> >> >> >> >> >> >> >> >> >> >> >> >> >> >> 
>> start RS SVD vs CHEB ID comparison:>> 
>> da = 0.25,db = 0.25
>> >> size  RS_rank    sCH_rank   sdCH_rank  RSapp_time     sChapp_time    sdChapp_time   error_RS       error_sCh      error_sdCh     dir_time       RSfac_time     sChfac_time    sdChfac_time   
>> >> >> >> >> >> >> >> >> >> >> >> >> >> >> >> >> 
  8     12        10        10        3.026500E-03   2.762625E-03   1.292625E-03   5.637412E-09   8.400023E-10   6.097261E-10   3.820640E+00   1.621673E-01   7.504437E-02   3.419675E-02

  9     14        12        11        2.875000E-04   2.275250E-03   2.071250E-03   3.468622E-09   8.892156E-10   1.925383E-09   5.993131E+00   2.915884E-01   1.566464E-01   4.175000E-02

  10    15        13        12        5.548750E-04   4.528500E-03   4.173125E-03   1.099718E-09   4.669272E-10   1.936974E-09   2.665687E+01   6.178174E-01   3.542050E-01   6.950887E-02

  11    16        14        13        1.207250E-03   9.631500E-03   8.961625E-03   2.868867E-09   7.154003E-10   1.946728E-09   1.317138E+02   1.370951E+00   8.615097E-01   1.759024E-01

  12    15        14        13        2.260875E-03   1.975775E-02   1.838600E-02   3.493699E-09   3.554761E-10   1.197777E-09   7.187364E+02   3.015179E+00   2.036312E+00   4.652165E-01

  13    17        15        14        5.204375E-03   4.315812E-02   4.016000E-02   1.265449E-09   5.711802E-10   9.857580E-10   4.291752E+03   7.013634E+00   5.423023E+00   1.434905E+00

  14    16        16        15        9.940000E-03   9.454125E-02   8.906388E-02   1.744996E-08   4.404972E-10   1.127515E-09   2.788866E+04   1.679609E+01   1.433662E+01   4.993167E+00

  15    17        17        16        2.477487E-02   2.129741E-01   2.014414E-01   9.760266E-09   3.198171E-10   9.258284E-10   1.928139E+05   4.518990E+01   4.115957E+01   1.974908E+01

  16    18        18        17        5.557975E-02   4.490372E-01   4.216557E-01   3.339616E-08   6.307892E-10   2.065537E-09   1.381308E+06   1.350269E+02   1.269860E+02   8.086757E+01

  17    18        19        18        1.598721E-01   9.797165E-01   9.388710E-01   5.565034E-09   5.008304E-10   1.337080E-09   1.013340E+07   4.603678E+02   4.909511E+02   3.718295E+02
{Error using diag
Requested 262144x262144 (512.0GB) array exceeds maximum array size preference.
Creation of arrays greater than this limit may take a long time and cause
MATLAB to become unresponsive. See <a href="matlab: helpview([docroot
'/matlab/helptargets.map'], 'matlab_env_workspace_prefs')">array size limit</a>
or preference panel for more information.

Error in JPT1D (line 36)
    U = diag(sqrt(wghts))*U;
} 
>> >> >> [Warning: MATLAB has disabled some advanced graphics rendering features by
switching to software OpenGL. For more information, click <a
href="matlab:opengl('problems')">here</a>.] 
>> >> >> >> >> >> >> >> >> >> >> >> >> >> >> >> >> >> >> >> >> >> >> >> >> >> >> >> >> >> >> >> >> >> >> >> >> >> >> >> >> >> >> >> >> >> >> >> MATLAB: management.cpp:671: find: Assertion `' failed.
MATLAB: management.cpp:671: find: Assertion `' failed.
