MATLAB is selecting SOFTWARE OPENGL rendering.

                            < M A T L A B (R) >
                  Copyright 1984-2018 The MathWorks, Inc.
                   R2018a (9.4.0.813654) 64-bit (glnxa64)
                             February 23, 2018

 
To get started, type one of these: helpwin, helpdesk, or demo.
For product information, visit www.mathworks.com.
 
>> >> >> >> >> >> 
tol =

     1.000000000000000e-08

>> >> >> >> >> >> >> >> >> >> >> >> >> >> >> 
>> start RS SVD vs CHEB ID comparison:>> 
>> da = 0.25,db = 0.25
>> >> size  RS_rank    sCH_rank   sdCH_rank  RSapp_time     sChapp_time    sdChapp_time   error_RS       error_sCh      error_sdCh     dir_time       RSfac_time     sChfac_time    sdChfac_time   
>> >> >> >> >> >> >> >> >> >> >> >> >> >> >> >> >> 
  7     8         9         10        1.823400E-03   4.128000E-04   4.244000E-04   3.673201E-09   7.548484E-09   1.312707E-09   7.184456E-02   9.390500E-02   8.006420E-02   5.645280E-02

  8     9         10        11        7.194000E-04   7.280000E-04   8.388000E-04   1.192737E-08   3.049270E-09   6.177602E-10   1.602239E-01   1.490632E-01   1.608870E-01   1.206066E-01

  9     11        12        12        1.365400E-03   2.052200E-03   1.533400E-03   1.443487E-09   2.599056E-09   7.315247E-10   1.116103E+00   3.624722E-01   3.879228E-01   2.826654E-01

  10    9         13        13        2.098600E-03   2.964000E-03   2.975400E-03   3.218219E-07   9.627673E-09   1.651904E-08   7.866060E+00   9.602012E-01   9.156566E-01   6.822250E-01

  11    10        14        15        4.392400E-03   6.095400E-03   6.497200E-03   5.348709E-08   1.005228E-08   1.850658E-07   5.798632E+01   2.729155E+00   2.428023E+00   1.938509E+00

  12    8         14        14        7.083800E-03   1.201440E-02   1.210140E-02   9.750309E-07   5.544824E-08   5.635093E-08   4.228301E+02   8.605531E+00   6.489410E+00   5.433421E+00

  13    8         15        15        1.448960E-02   2.695940E-02   2.682380E-02   2.906833E-06   5.194935E-07   5.366015E-07   3.128694E+03   2.966632E+01   1.926957E+01   1.705437E+01

  14    9         16        16        3.062060E-02   5.506660E-02   5.585940E-02   9.707893E-07   4.715842E-06   NaN   2.330569E+04   1.059825E+02   6.095400E+01   5.558559E+01

  15    10        16        16        6.608660E-02   1.052582E-01   1.078466E-01   7.600780E-08   6.821649E-07   NaN   1.746083E+05   3.912795E+02   2.063495E+02   1.935248E+02

  16    9         17        15        1.197190E-01   2.289058E-01   2.032764E-01   4.771778E-06   1.285390E-04   NaN   1.306401E+06   1.493996E+03   7.366556E+02   7.129097E+02
>> >> >> [Warning: MATLAB has disabled some advanced graphics rendering features by
switching to software OpenGL. For more information, click <a
href="matlab:opengl('problems')">here</a>.] 
>> >> >> >> >> >> >> >> >> >> >> >> >> >> >> >> >> >> >> >> >> >> >> >> >> >> >> >> >> >> >> >> >> >> >> >> >> >> >> >> >> >> >> >> >> >> >> >> MATLAB: management.cpp:671: find: Assertion `' failed.
MATLAB: management.cpp:671: find: Assertion `' failed.
