MATLAB is selecting SOFTWARE OPENGL rendering.

                            < M A T L A B (R) >
                  Copyright 1984-2018 The MathWorks, Inc.
                   R2018a (9.4.0.813654) 64-bit (glnxa64)
                             February 23, 2018

 
To get started, type one of these: helpwin, helpdesk, or demo.
For product information, visit www.mathworks.com.
 
>> >> 
flag =

     1

>> >> >> >> 
tol =

     1.000000000000000e-08

>> >> >> >> >> >> >> >> >> >> >> >> >> >> >> 
>> start RS SVD vs CHEB ID comparison:>> 
>> da = -0.10,db = -0.10
>> >> size  RS_rank    CHEB_rank  RSapp_time     CHEBapp_time   error_RS       error_CHEB     dir_time       RSfac_time     CHEBfac_time   
>> >> >> >> >> >> >> >> >> >> >> >> >> >> >> >> >> 
  8     12        14        3.341000E-03   3.444000E-04   6.950493E-09   1.079745E-09   4.751200E+00   3.111512E-01   3.636300E-02

  9     14        16        3.541000E-04   3.256000E-04   4.017604E-09   2.670046E-09   6.827065E+00   4.431337E-01   3.395290E-02

  10    15        16        6.199000E-04   6.194000E-04   1.881567E-09   6.518243E-09   3.103181E+01   9.008746E-01   5.014300E-02

  11    16        18        1.281900E-03   1.421200E-03   3.564567E-09   1.810055E-09   1.550612E+02   1.934817E+00   6.558200E-02

  12    16        17        2.880100E-03   3.135800E-03   5.903674E-09   5.523672E-09   8.613707E+02   4.452592E+00   1.227850E-01

  13    17        18        6.538300E-03   6.944400E-03   4.374476E-09   4.300812E-09   5.197673E+03   1.056899E+01   2.365676E-01

  14    18        20        1.458830E-02   1.583130E-02   3.684840E-09   5.858511E-09   3.435463E+04   2.254967E+01   4.825062E-01

  15    19        21        3.327740E-02   3.470840E-02   6.913592E-09   3.281448E-09   2.376150E+05   5.151212E+01   1.053116E+00

  16    19        23        5.791320E-02   1.021805E-01   1.093933E-08   2.192839E-09   1.714883E+06   9.632179E+01   1.987225E+00
>> >> >> [Warning: MATLAB has disabled some advanced graphics rendering features by
switching to software OpenGL. For more information, click <a
href="matlab:opengl('problems')">here</a>.] 
>> >> >> >> >> >> >> >> >> >> >> >> >> >> >> >> >> >> >> >> >> >> >> >> >> >> >> >> >> >> >> >> >> >> >> >> >> >> >> >> >> >> >> >> >> >> >> >> >> >> >> >> >> >> >> >> >> >> >> >> >> >> >> >> >> >> >> >> >> >> >> >> >> >> >> >> >> >> MATLAB: management.cpp:671: find: Assertion `' failed.
MATLAB: management.cpp:671: find: Assertion `' failed.
