MATLAB is selecting SOFTWARE OPENGL rendering.

                            < M A T L A B (R) >
                  Copyright 1984-2018 The MathWorks, Inc.
                   R2018a (9.4.0.813654) 64-bit (glnxa64)
                             February 23, 2018

 
To get started, type one of these: helpwin, helpdesk, or demo.
For product information, visit www.mathworks.com.
 
>> >> 
flag =

     1

>> >> >> >> 
tol =

     1.000000000000000e-08

>> >> >> >> >> >> >> >> >> >> >> >> >> >> >> 
>> start RS SVD vs CHEB ID comparison:>> 
>> da = -0.60,db = -0.60
>> >> size  RS_rank    CHEB_rank  RSapp_time     CHEBapp_time   error_RS       error_CHEB     dir_time       RSfac_time     CHEBfac_time   
>> >> >> >> >> >> >> >> >> >> >> >> >> >> >> >> >> 
  8     11        14        3.410200E-03   3.518000E-04   2.176885E-09   2.159994E-09   4.928576E+00   3.125522E-01   3.697470E-02

  9     13        15        3.598000E-04   3.048000E-04   1.382615E-09   2.431223E-09   6.826894E+00   4.474164E-01   3.296570E-02

  10    14        16        6.503000E-04   6.271000E-04   2.382714E-09   3.679753E-09   3.122237E+01   9.152420E-01   5.308890E-02

  11    15        17        1.274600E-03   1.355600E-03   3.717398E-09   3.671128E-09   1.578593E+02   1.958997E+00   6.918350E-02

  12    15        16        2.906000E-03   2.939700E-03   1.307950E-09   5.701579E-09   8.673563E+02   4.335550E+00   1.286395E-01

  13    16        18        6.103300E-03   6.487500E-03   1.037032E-09   2.417713E-09   5.208960E+03   1.005004E+01   2.430795E-01

  14    16        19        1.311130E-02   1.481760E-02   5.907724E-09   1.605565E-09   3.421910E+04   2.203180E+01   4.984385E-01

  15    18        20        3.249950E-02   3.373360E-02   1.620482E-09   4.334478E-09   2.381929E+05   4.863532E+01   1.046792E+00

  16    17        21        6.032530E-02   7.490820E-02   1.482799E-08   1.490439E-09   1.716055E+06   1.065870E+02   2.217672E+00
>> >> >> [Warning: MATLAB has disabled some advanced graphics rendering features by
switching to software OpenGL. For more information, click <a
href="matlab:opengl('problems')">here</a>.] 
>> >> >> >> >> >> >> >> >> >> >> >> >> >> >> >> >> >> >> >> >> >> >> >> >> >> >> >> >> >> >> >> >> >> >> >> >> >> >> >> >> >> >> >> >> >> >> >> >> >> >> >> >> >> >> >> >> >> >> >> >> >> >> >> >> >> >> >> >> >> >> >> >> >> >> >> >> >> MATLAB: management.cpp:671: find: Assertion `' failed.
MATLAB: management.cpp:671: find: Assertion `' failed.
