MATLAB is selecting SOFTWARE OPENGL rendering.

                            < M A T L A B (R) >
                  Copyright 1984-2018 The MathWorks, Inc.
                   R2018a (9.4.0.813654) 64-bit (glnxa64)
                             February 23, 2018

 
To get started, type one of these: helpwin, helpdesk, or demo.
For product information, visit www.mathworks.com.
 
>> >> 
flag =

     1

>> >> >> >> 
tol =

     1.000000000000000e-08

>> >> >> >> >> >> >> >> >> >> >> >> >> >> >> 
>> start RS SVD vs CHEB ID comparison:>> 
>> da = 0.40,db = 0.40
>> >> size  RS_rank    CHEB_rank  RSapp_time     CHEBapp_time   error_RS       error_CHEB     dir_time       RSfac_time     CHEBfac_time   
>> >> >> >> >> >> >> >> >> >> >> >> >> >> >> >> >> 
  8     12        13        3.525100E-03   3.409000E-04   3.938622E-09   1.009063E-08   5.716288E+00   3.109089E-01   3.749600E-02

  9     14        15        3.447000E-04   3.123000E-04   1.955039E-09   8.205902E-09   6.840263E+00   4.426711E-01   3.442600E-02

  10    15        16        7.366000E-04   6.288000E-04   2.027233E-09   2.479884E-09   3.116093E+01   9.008994E-01   5.071470E-02

  11    16        17        1.298500E-03   1.336600E-03   3.783724E-09   5.607663E-09   1.560475E+02   1.948750E+00   7.572680E-02

  12    16        17        2.957800E-03   3.033900E-03   3.461382E-09   2.685134E-09   8.683134E+02   4.487892E+00   1.303484E-01

  13    17        18        6.328000E-03   6.484600E-03   9.993145E-10   3.324177E-09   5.222151E+03   1.019196E+01   2.453697E-01

  14    18        19        1.398310E-02   1.417220E-02   2.971648E-09   1.192300E-08   3.418034E+04   2.302189E+01   4.919710E-01

  15    19        19        3.258810E-02   3.515380E-02   3.364192E-09   1.990831E-08   2.381986E+05   5.178336E+01   1.034217E+00

  16    19        21        6.003240E-02   7.230730E-02   7.103928E-09   1.206063E-08   1.717238E+06   1.061650E+02   2.020298E+00
>> >> >> [Warning: MATLAB has disabled some advanced graphics rendering features by
switching to software OpenGL. For more information, click <a
href="matlab:opengl('problems')">here</a>.] 
>> >> >> >> >> >> >> >> >> >> >> >> >> >> >> >> >> >> >> >> >> >> >> >> >> >> >> >> >> >> >> >> >> >> >> >> >> >> >> >> >> >> >> >> >> >> >> >> >> >> >> >> >> >> >> >> >> >> >> >> >> >> >> >> >> >> >> >> >> >> >> >> >> >> >> >> >> >> MATLAB: management.cpp:671: find: Assertion `' failed.
MATLAB: management.cpp:671: find: Assertion `' failed.
