MATLAB is selecting SOFTWARE OPENGL rendering.

                            < M A T L A B (R) >
                  Copyright 1984-2018 The MathWorks, Inc.
                   R2018a (9.4.0.813654) 64-bit (glnxa64)
                             February 23, 2018

 
To get started, type one of these: helpwin, helpdesk, or demo.
For product information, visit www.mathworks.com.
 
>> >> 
flag =

     1

>> >> >> >> 
tol =

     1.000000000000000e-08

>> >> >> >> >> >> >> >> >> >> >> >> >> >> >> 
>> start RS SVD vs CHEB ID comparison:>> 
>> da = -0.20,db = -0.20
>> >> size  RS_rank    CHEB_rank  RSapp_time     CHEBapp_time   error_RS       error_CHEB     dir_time       RSfac_time     CHEBfac_time   
>> >> >> >> >> >> >> >> >> >> >> >> >> >> >> >> >> 
  8     12        14        3.430400E-03   3.591000E-04   3.237532E-09   9.818001E-10   5.672352E+00   3.147725E-01   3.761670E-02

  9     14        15        3.346000E-04   3.085000E-04   2.171442E-09   9.193799E-09   6.876786E+00   4.492299E-01   3.355000E-02

  10    15        16        6.662000E-04   6.417000E-04   2.173933E-09   6.019381E-09   3.130010E+01   9.293885E-01   5.232980E-02

  11    16        17        1.367100E-03   1.401200E-03   1.964819E-09   1.198053E-08   1.581045E+02   1.996152E+00   7.737060E-02

  12    16        17        3.466000E-03   3.445800E-03   3.157309E-09   5.423421E-09   8.715322E+02   4.818083E+00   1.321545E-01

  13    16        19        6.159100E-03   7.437800E-03   1.987336E-09   3.087661E-09   5.236873E+03   1.050742E+01   2.492366E-01

  14    17        20        1.417280E-02   1.581320E-02   4.586305E-09   4.041391E-09   3.420771E+04   2.315976E+01   4.861480E-01

  15    18        21        2.921140E-02   4.010590E-02   3.305063E-09   4.027123E-09   2.376536E+05   5.054246E+01   1.037021E+00

  16    18        22        5.137350E-02   6.119410E-02   1.539726E-08   9.775362E-09   1.714230E+06   9.806499E+01   1.851380E+00
>> >> >> [Warning: MATLAB has disabled some advanced graphics rendering features by
switching to software OpenGL. For more information, click <a
href="matlab:opengl('problems')">here</a>.] 
>> >> >> >> >> >> >> >> >> >> >> >> >> >> >> >> >> >> >> >> >> >> >> >> >> >> >> >> >> >> >> >> >> >> >> >> >> >> >> >> >> >> >> >> >> >> >> >> >> >> >> >> >> >> >> >> >> >> >> >> >> >> >> >> >> >> >> >> >> >> >> >> >> >> >> >> >> >> MATLAB: management.cpp:671: find: Assertion `' failed.
MATLAB: management.cpp:671: find: Assertion `' failed.
