MATLAB is selecting SOFTWARE OPENGL rendering.

                            < M A T L A B (R) >
                  Copyright 1984-2018 The MathWorks, Inc.
                   R2018a (9.4.0.813654) 64-bit (glnxa64)
                             February 23, 2018

 
To get started, type one of these: helpwin, helpdesk, or demo.
For product information, visit www.mathworks.com.
 
>> >> 
flag =

     1

>> >> >> >> 
tol =

     1.000000000000000e-08

>> >> >> >> >> >> >> >> >> >> >> >> >> >> >> 
>> start RS SVD vs CHEB ID comparison:>> 
>> da = -0.45,db = -0.45
>> >> size  RS_rank    sCH_rank   sdCH_rank  RSapp_time     sChapp_time    sdChapp_time   error_RS       error_sCh      error_sdCh     dir_time       RSfac_time     sChfac_time    sdChfac_time   
>> >> >> >> >> >> >> >> >> >> >> >> >> >> >> >> >> 
  8     10        10        9         3.792375E-03   2.741375E-03   1.012750E-03   5.382536E-09   1.670069E-09   4.003717E-09   5.823616E+00   3.124181E-01   2.212881E-01   1.828133E-01

  9     12        11        10        3.323750E-04   1.948500E-03   1.493500E-03   2.644668E-09   2.693870E-09   5.455348E-09   6.920192E+00   4.474783E-01   2.245761E-01   9.526800E-02

  10    13        12        11        6.241250E-04   3.289500E-03   2.938000E-03   7.282287E-09   2.657733E-09   1.076481E-08   3.141857E+01   9.013222E-01   4.963454E-01   1.767905E-01

  11    15        13        12        1.252000E-03   6.845750E-03   6.298625E-03   1.333975E-09   2.323247E-09   4.463721E-09   1.558807E+02   1.902351E+00   1.141424E+00   3.557584E-01

  12    14        13        12        2.381875E-03   1.415037E-02   1.343950E-02   4.917859E-09   3.159926E-09   4.273090E-09   8.610669E+02   4.475972E+00   2.726822E+00   1.066236E+00

  13    13        14        13        4.966000E-03   3.220150E-02   2.824887E-02   1.272649E-08   3.414793E-09   3.547106E-09   5.225189E+03   9.796534E+00   7.335078E+00   2.917519E+00

  14    15        14        14        1.208062E-02   6.248912E-02   6.429313E-02   4.604260E-09   4.894652E-09   4.846467E-09   3.418707E+04   2.168456E+01   1.672839E+01   6.450630E+00

  15    15        16        15        2.792763E-02   1.516665E-01   1.462629E-01   9.011450E-09   2.508187E-09   2.190738E-09   2.379125E+05   4.665099E+01   3.722013E+01   1.442341E+01

  16    17        16        16        7.146012E-02   3.417878E-01   2.993166E-01   7.342850E-09   5.191297E-09   3.312880E-09   1.709645E+06   1.043036E+02   9.324537E+01   3.359547E+01

  17    16        17        16        1.645644E-01   9.267483E-01   6.303249E-01   2.189581E-08   4.243835E-09   8.349641E-09   1.256478E+07   2.154105E+02   2.082613E+02   8.198145E+01
>> >> >> [Warning: MATLAB has disabled some advanced graphics rendering features by
switching to software OpenGL. For more information, click <a
href="matlab:opengl('problems')">here</a>.] 
>> >> >> >> >> >> >> >> >> >> >> >> >> >> >> >> >> >> >> >> >> >> >> >> >> >> >> >> >> >> >> >> >> >> >> >> >> >> >> >> >> >> >> >> >> >> >> >> >> >> >> >> >> >> >> >> >> >> >> >> >> >> >> >> >> >> >> >> >> >> >> >> >> >> >> >> MATLAB: management.cpp:671: find: Assertion `' failed.
MATLAB: management.cpp:671: find: Assertion `' failed.
