MATLAB is selecting SOFTWARE OPENGL rendering.

                            < M A T L A B (R) >
                  Copyright 1984-2018 The MathWorks, Inc.
                   R2018a (9.4.0.813654) 64-bit (glnxa64)
                             February 23, 2018

 
To get started, type one of these: helpwin, helpdesk, or demo.
For product information, visit www.mathworks.com.
 
>> >> 
flag =

    -1

>> >> >> >> 
tol =

     1.000000000000000e-08

>> >> >> >> >> >> >> >> >> >> >> >> >> >> >> 
>> start RS SVD vs CHEB ID comparison:>> 
>> da = 0.25,db = 0.25
>> >> size  RS_rank    sCH_rank   sdCH_rank  RSapp_time     sChapp_time    sdChapp_time   error_RS       error_sCh      error_sdCh     dir_time       RSfac_time     sChfac_time    sdChfac_time   
>> >> >> >> >> >> >> >> >> >> >> >> >> >> >> >> >> 
  8     12        10        10        3.018875E-03   1.755500E-03   7.127500E-04   1.795549E-08   3.172914E-09   3.674059E-09   3.961440E+00   1.584100E-01   6.478438E-02   2.480612E-02

  9     14        12        11        2.911250E-04   1.431250E-03   1.347250E-03   2.262136E-09   4.845099E-10   4.086230E-09   6.109184E+00   2.862907E-01   1.417609E-01   2.666962E-02

  10    15        13        12        5.415000E-04   2.835625E-03   2.614000E-03   6.326567E-09   8.971623E-10   5.523038E-09   2.682552E+01   6.045831E-01   3.300495E-01   3.946725E-02

  11    17        14        13        1.260750E-03   5.809500E-03   5.376625E-03   2.170569E-09   1.360299E-09   8.447312E-09   1.331732E+02   1.287465E+00   7.469511E-01   5.123600E-02

  12    16        14        13        2.415250E-03   1.179075E-02   1.090475E-02   7.328593E-09   1.558445E-09   1.752209E-09   7.215869E+02   2.752934E+00   1.685277E+00   8.803275E-02

  13    16        15        14        4.809750E-03   2.547987E-02   2.317838E-02   2.270533E-08   1.921972E-09   3.837953E-09   4.301027E+03   5.901935E+00   4.203897E+00   1.776186E-01

  14    18        16        15        1.127750E-02   5.367450E-02   5.024463E-02   7.211182E-09   8.635039E-10   3.166019E-09   2.791400E+04   1.264877E+01   9.832256E+00   3.724054E-01

  15    16        17        16        2.329762E-02   1.143528E-01   1.073335E-01   1.385501E-07   2.141513E-09   3.476626E-09   1.920963E+05   2.742537E+01   2.191327E+01   7.894226E-01

  16    19        18        17        5.995363E-02   2.538425E-01   2.361918E-01   3.061275E-08   1.845325E-09   4.575021E-09   1.379104E+06   5.824163E+01   4.826639E+01   1.705629E+00

  17    19        19        18        1.726162E-01   5.930524E-01   5.132976E-01   3.805932E-08   2.224816E-09   4.121147E-09   1.013580E+07   1.239313E+02   1.052959E+02   3.547321E+00

  18    17        21        19        3.296297E-01   1.236331E+00   1.124885E+00   1.318788E-06   1.281926E-09   3.285681E-09   7.549585E+07   2.599499E+02   2.274634E+02   7.339821E+00
>> >> >> [Warning: MATLAB has disabled some advanced graphics rendering features by
switching to software OpenGL. For more information, click <a
href="matlab:opengl('problems')">here</a>.] 
>> >> >> >> >> >> >> >> >> >> >> >> >> >> >> >> >> >> >> >> >> >> >> >> >> >> >> >> >> >> >> >> >> >> >> >> >> >> >> >> >> >> >> >> >> >> >> >> MATLAB: management.cpp:671: find: Assertion `' failed.
MATLAB: management.cpp:671: find: Assertion `' failed.
