MATLAB is selecting SOFTWARE OPENGL rendering.

                            < M A T L A B (R) >
                  Copyright 1984-2018 The MathWorks, Inc.
                   R2018a (9.4.0.813654) 64-bit (glnxa64)
                             February 23, 2018

 
To get started, type one of these: helpwin, helpdesk, or demo.
For product information, visit www.mathworks.com.
 
>> >> 
flag =

     1

>> >> >> >> 
tol =

     1.000000000000000e-08

>> >> >> >> >> >> >> >> >> >> >> >> >> >> >> 
>> start RS SVD vs CHEB ID comparison:>> 
>> da = 0.60,db = 0.60
>> >> size  RS_rank    CHEB_rank  RSapp_time     CHEBapp_time   error_RS       error_CHEB     dir_time       RSfac_time     CHEBfac_time   
>> >> >> >> >> >> >> >> >> >> >> >> >> >> >> >> >> 
  8     12        13        2.877500E-03   2.883000E-04   3.473796E-09   4.425099E-09   4.176800E+00   2.684243E-01   3.171560E-02

  9     15        14        3.355000E-04   2.703000E-04   5.948297E-10   2.169644E-08   6.154297E+00   4.007394E-01   2.999380E-02

  10    15        16        5.402000E-04   5.468000E-04   2.863895E-09   2.623937E-09   2.819277E+01   8.305294E-01   4.358990E-02

  11    17        17        1.259500E-03   1.171600E-03   4.399137E-10   6.393670E-09   1.407445E+02   1.753210E+00   6.030730E-02

  12    16        17        2.424500E-03   2.635500E-03   5.258732E-09   3.454684E-09   7.737460E+02   3.949858E+00   1.094246E-01

  13    17        18        5.327600E-03   5.611300E-03   3.041627E-09   1.692080E-09   4.670888E+03   9.361245E+00   2.215183E-01

  14    18        19        1.506050E-02   1.481520E-02   3.201765E-09   3.971101E-09   3.231262E+04   2.137034E+01   5.050621E-01

  15    18        20        3.291500E-02   3.344150E-02   9.176890E-09   4.095937E-09   2.377276E+05   4.908000E+01   1.090931E+00

  16    19        21        7.070180E-02   7.943770E-02   1.508993E-08   3.302757E-09   1.713915E+06   1.122480E+02   2.253020E+00
>> >> >> [Warning: MATLAB has disabled some advanced graphics rendering features by
switching to software OpenGL. For more information, click <a
href="matlab:opengl('problems')">here</a>.] 
>> >> >> >> >> >> >> >> >> >> >> >> >> >> >> >> >> >> >> >> >> >> >> >> >> >> >> >> >> >> >> >> >> >> >> >> >> >> >> >> >> >> >> >> >> >> >> >> >> >> >> >> >> >> >> >> >> >> >> >> >> >> >> >> >> >> >> >> >> >> >> >> >> >> >> >> >> >> MATLAB: management.cpp:671: find: Assertion `' failed.
MATLAB: management.cpp:671: find: Assertion `' failed.
