MATLAB is selecting SOFTWARE OPENGL rendering.

                            < M A T L A B (R) >
                  Copyright 1984-2018 The MathWorks, Inc.
                   R2018a (9.4.0.813654) 64-bit (glnxa64)
                             February 23, 2018

 
To get started, type one of these: helpwin, helpdesk, or demo.
For product information, visit www.mathworks.com.
 
>> >> >> >> >> >> 
tol =

     1.000000000000000e-08

>> >> >> >> >> >> >> >> >> >> >> >> >> >> >> 
>> start RS SVD vs CHEB ID comparison:>> 
>> da = 0.25,db = 0.25
>> >> size  RS_rank    sCH_rank   sdCH_rank  RSapp_time     sChapp_time    sdChapp_time   error_RS       error_sCh      error_sdCh     dir_time       RSfac_time     sChfac_time    sdChfac_time   
>> >> >> >> >> >> >> >> >> >> >> >> >> >> >> >> >> 
  7     9         9         10        1.889000E-03   4.732000E-04   4.654000E-04   3.524436E-09   7.548484E-09   1.313325E-09   7.445941E-02   1.006434E-01   6.970480E-02   3.787880E-02

  8     10        10        11        1.037800E-03   9.416000E-04   1.049000E-03   1.005231E-09   1.838668E-09   1.269710E-09   1.381119E-01   1.489312E-01   1.180090E-01   7.673600E-02

  9     11        12        12        1.643400E-03   1.708400E-03   1.749400E-03   8.015635E-09   1.304016E-09   4.815834E-09   1.248654E+00   3.731168E-01   2.637902E-01   1.565202E-01

  10    12        13        13        3.102400E-03   3.433000E-03   3.451200E-03   9.385206E-09   1.635998E-09   8.049950E-08   9.178316E+00   9.585096E-01   6.052488E-01   3.579044E-01

  11    12        14        15        6.292400E-03   7.417200E-03   8.785600E-03   2.545571E-08   1.123203E-08   2.409108E-07   6.471383E+01   2.729334E+00   1.408565E+00   8.999436E-01

  12    9         14        14        8.746400E-03   1.346520E-02   1.608820E-02   2.127442E-07   1.107061E-07   1.052631E-07   4.224570E+02   8.588627E+00   3.233654E+00   2.092659E+00

  13    11        15        15        2.180220E-02   3.375880E-02   2.687920E-02   1.751853E-08   1.202955E-07   1.951960E-07   3.128472E+03   2.974972E+01   7.529277E+00   5.168703E+00

  14    10        16        15        3.417260E-02   5.449460E-02   5.200820E-02   3.030422E-07   5.596789E-07   1.729575E-06   2.328548E+04   1.059421E+02   1.813950E+01   1.261179E+01

  15    11        16        16        7.287780E-02   1.057406E-01   1.060274E-01   1.883757E-07   3.854782E-07   NaN   1.741960E+05   3.912463E+02   4.513009E+01   3.268068E+01
>> >> >> [Warning: MATLAB has disabled some advanced graphics rendering features by
switching to software OpenGL. For more information, click <a
href="matlab:opengl('problems')">here</a>.] 
>> >> >> >> >> >> >> >> >> >> >> >> >> >> >> >> >> >> >> >> >> >> >> >> >> >> >> >> >> >> >> >> >> >> >> >> >> >> >> >> >> >> >> >> >> >> >> >> MATLAB: management.cpp:671: find: Assertion `' failed.
MATLAB: management.cpp:671: find: Assertion `' failed.
