MATLAB is selecting SOFTWARE OPENGL rendering.

                            < M A T L A B (R) >
                  Copyright 1984-2018 The MathWorks, Inc.
                   R2018a (9.4.0.813654) 64-bit (glnxa64)
                             February 23, 2018

 
To get started, type one of these: helpwin, helpdesk, or demo.
For product information, visit www.mathworks.com.
 
>> >> 
flag =

     1

>> >> >> >> 
tol =

     1.000000000000000e-08

>> >> >> >> >> >> >> >> >> >> >> >> >> >> >> 
>> start RS SVD vs CHEB ID comparison:>> 
>> da = 0.00,db = 0.00
>> >> size  RS_rank    CHEB_rank  RSapp_time     CHEBapp_time   error_RS       error_CHEB     dir_time       RSfac_time     CHEBfac_time   
>> >> >> >> >> >> >> >> >> >> >> >> >> >> >> >> >> 
  8     12        14        3.678500E-03   3.548000E-04   1.209058E-08   1.346534E-09   4.681056E+00   3.433766E-01   4.672820E-02

  9     14        16        3.408000E-04   3.183000E-04   2.647287E-09   3.094034E-09   7.477646E+00   4.859223E-01   4.120440E-02

  10    16        17        6.738000E-04   6.548000E-04   1.748449E-09   4.929188E-09   3.202519E+01   9.464770E-01   5.674280E-02

  11    17        18        1.367500E-03   1.384600E-03   6.838924E-10   2.561668E-09   1.558861E+02   1.994037E+00   7.267880E-02

  12    16        17        2.800700E-03   3.095600E-03   5.112973E-09   6.058075E-09   8.588783E+02   4.459022E+00   1.206403E-01

  13    17        18        6.600600E-03   6.646600E-03   2.183557E-09   4.692898E-09   5.199821E+03   1.035140E+01   2.110341E-01

  14    18        20        1.465360E-02   1.543960E-02   1.956620E-09   6.611013E-09   3.399850E+04   2.216825E+01   4.009628E-01

  15    19        21        3.569220E-02   3.611230E-02   2.748322E-09   4.107910E-09   2.375507E+05   4.867707E+01   9.021742E-01

  16    19        22        6.674770E-02   1.046006E-01   1.274369E-08   7.728811E-09   1.713488E+06   1.026503E+02   1.748644E+00
>> >> >> [Warning: MATLAB has disabled some advanced graphics rendering features by
switching to software OpenGL. For more information, click <a
href="matlab:opengl('problems')">here</a>.] 
>> >> >> >> >> >> >> >> >> >> >> >> >> >> >> >> >> >> >> >> >> >> >> >> >> >> >> >> >> >> >> >> >> >> >> >> >> >> >> >> >> >> >> >> >> >> >> >> >> >> >> >> >> >> >> >> >> >> >> >> >> >> >> >> >> >> >> >> >> >> >> >> >> >> >> >> >> >> MATLAB: management.cpp:671: find: Assertion `' failed.
MATLAB: management.cpp:671: find: Assertion `' failed.
